Base path: /Applications/Unity/Unity.app/Contents
Cmd: initializeCompiler
Cmd: compileComputeKernel
  api=14 insize=7330 outsize=10693 ok=1
Cmd: compileComputeKernel
  api=14 insize=5004 outsize=6805 ok=1
Cmd: translateComputeKernel
  api=14 insize=10793 outsize=17681 ok=1
Cmd: translateComputeKernel
  api=14 insize=3229 outsize=5233 ok=1
Cmd: compileComputeKernel
  api=14 insize=9166 outsize=9705 ok=1
Cmd: translateComputeKernel
  api=14 insize=9705 outsize=16577 ok=1
Cmd: translateComputeKernel
  api=14 insize=7001 outsize=13513 ok=1
Cmd: compileComputeKernel
  api=14 insize=2867 outsize=2021 ok=1
Cmd: translateComputeKernel
  api=14 insize=853 outsize=785 ok=1
Cmd: translateComputeKernel
  api=14 insize=1145 outsize=1433 ok=1
Cmd: translateComputeKernel
  api=14 insize=2097 outsize=3445 ok=1
Cmd: initializeCompiler
Cmd: initializeCompiler
Cmd: initializeCompiler
Cmd: initializeCompiler
Cmd: initializeCompiler

Quitting shader compiler process
